  [1m[35m (6.1ms)[0m  [1m[35mCREATE TABLE "schema_migrations" ("version" character varying NOT NULL PRIMARY KEY)[0m
  [1m[35m (2.4ms)[0m  [1m[35mCREATE TABLE "ar_internal_metadata" ("key" character varying NOT NULL PRIMARY KEY, "value" character varying, "created_at" timestamp NOT NULL, "updated_at" timestamp NOT NULL)[0m
  [1m[35m (0.2ms)[0m  [1m[34mSELECT pg_try_advisory_lock(4795219387431405660);[0m
  [1m[35m (0.4ms)[0m  [1m[34mSELECT "schema_migrations"."version" FROM "schema_migrations" ORDER BY "schema_migrations"."version" ASC[0m
Migrating to CreateCats (20170714053359)
  [1m[35m (0.1ms)[0m  [1m[35mBEGIN[0m
  [1m[35m (3.1ms)[0m  [1m[35mCREATE TABLE "cats" ("id" bigserial primary key, "name" character varying NOT NULL, "created_at" timestamp NOT NULL, "updated_at" timestamp NOT NULL)[0m
  [1m[35mSQL (0.6ms)[0m  [1m[32mINSERT INTO "schema_migrations" ("version") VALUES ($1) RETURNING "version"[0m  [["version", "20170714053359"]]
  [1m[35m (0.3ms)[0m  [1m[35mCOMMIT[0m
Migrating to CreateCorgis (20170714053409)
  [1m[35m (0.2ms)[0m  [1m[35mBEGIN[0m
  [1m[35m (2.6ms)[0m  [1m[35mCREATE TABLE "corgis" ("id" bigserial primary key, "name" character varying NOT NULL, "created_at" timestamp NOT NULL, "updated_at" timestamp NOT NULL)[0m
  [1m[35mSQL (0.2ms)[0m  [1m[32mINSERT INTO "schema_migrations" ("version") VALUES ($1) RETURNING "version"[0m  [["version", "20170714053409"]]
  [1m[35m (0.3ms)[0m  [1m[35mCOMMIT[0m
Migrating to CreateToys (20170714053516)
  [1m[35m (0.2ms)[0m  [1m[35mBEGIN[0m
  [1m[35m (3.3ms)[0m  [1m[35mCREATE TABLE "toys" ("id" bigserial primary key, "name" character varying NOT NULL, "toyable_type" character varying, "toyable_id" bigint, "created_at" timestamp NOT NULL, "updated_at" timestamp NOT NULL)[0m
  [1m[35m (0.8ms)[0m  [1m[35mCREATE  INDEX  "index_toys_on_toyable_type_and_toyable_id" ON "toys"  ("toyable_type", "toyable_id")[0m
  [1m[35m (1.1ms)[0m  [1m[35mCREATE UNIQUE INDEX  "index_toys_on_name_and_toyable_id_and_toyable_type" ON "toys"  ("name", "toyable_id", "toyable_type")[0m
  [1m[35mSQL (0.4ms)[0m  [1m[32mINSERT INTO "schema_migrations" ("version") VALUES ($1) RETURNING "version"[0m  [["version", "20170714053516"]]
  [1m[35m (0.4ms)[0m  [1m[35mCOMMIT[0m
  [1m[36mActiveRecord::InternalMetadata Load (0.3ms)[0m  [1m[34mSELECT  "ar_internal_metadata".* FROM "ar_internal_metadata" WHERE "ar_internal_metadata"."key" = $1 LIMIT $2[0m  [["key", "environment"], ["LIMIT", 1]]
  [1m[35m (0.1ms)[0m  [1m[35mBEGIN[0m
  [1m[35mSQL (0.4ms)[0m  [1m[32mINSERT INTO "ar_internal_metadata" ("key", "value", "created_at", "updated_at") VALUES ($1, $2, $3, $4) RETURNING "key"[0m  [["key", "environment"], ["value", "development"], ["created_at", "2017-07-14 05:37:55.155751"], ["updated_at", "2017-07-14 05:37:55.155751"]]
  [1m[35m (0.2ms)[0m  [1m[35mCOMMIT[0m
  [1m[35m (0.2ms)[0m  [1m[34mSELECT pg_advisory_unlock(4795219387431405660)[0m
  [1m[35m (0.2ms)[0m  [1m[34mSELECT "schema_migrations"."version" FROM "schema_migrations" ORDER BY "schema_migrations"."version" ASC[0m
  [1m[35m (0.5ms)[0m  [1m[34mSELECT "schema_migrations"."version" FROM "schema_migrations" ORDER BY "schema_migrations"."version" ASC[0m
  [1m[35m (0.3ms)[0m  [1m[34mSELECT "ar_internal_metadata"."value" FROM "ar_internal_metadata" WHERE "ar_internal_metadata"."key" = $1[0m  [["key", "environment"]]
  [1m[35m (0.2ms)[0m  [1m[34mSELECT "schema_migrations"."version" FROM "schema_migrations" ORDER BY "schema_migrations"."version" ASC[0m
  [1m[35m (0.1ms)[0m  [1m[34mSELECT "ar_internal_metadata"."value" FROM "ar_internal_metadata" WHERE "ar_internal_metadata"."key" = $1[0m  [["key", "environment"]]
  [1m[35m (0.2ms)[0m  [1m[34mSELECT "schema_migrations"."version" FROM "schema_migrations" ORDER BY "schema_migrations"."version" ASC[0m
  [1m[35m (0.1ms)[0m  [1m[34mSELECT "ar_internal_metadata"."value" FROM "ar_internal_metadata" WHERE "ar_internal_metadata"."key" = $1[0m  [["key", "environment"]]
  [1m[35m (119.1ms)[0m  [1m[35mDROP DATABASE IF EXISTS "polymorphism_and_concerns_development"[0m
  [1m[35m (116.4ms)[0m  [1m[35mDROP DATABASE IF EXISTS "polymorphism_and_concerns_test"[0m
  [1m[35m (4.8ms)[0m  [1m[35mCREATE TABLE "schema_migrations" ("version" character varying NOT NULL PRIMARY KEY)[0m
  [1m[35m (2.8ms)[0m  [1m[35mCREATE TABLE "ar_internal_metadata" ("key" character varying NOT NULL PRIMARY KEY, "value" character varying, "created_at" timestamp NOT NULL, "updated_at" timestamp NOT NULL)[0m
  [1m[35m (0.2ms)[0m  [1m[34mSELECT pg_try_advisory_lock(4795219387431405660);[0m
  [1m[35m (0.4ms)[0m  [1m[34mSELECT "schema_migrations"."version" FROM "schema_migrations" ORDER BY "schema_migrations"."version" ASC[0m
Migrating to CreateCats (20170714053359)
  [1m[35m (0.2ms)[0m  [1m[35mBEGIN[0m
  [1m[35m (3.0ms)[0m  [1m[35mCREATE TABLE "cats" ("id" bigserial primary key, "name" character varying NOT NULL, "created_at" timestamp NOT NULL, "updated_at" timestamp NOT NULL)[0m
  [1m[35mSQL (0.4ms)[0m  [1m[32mINSERT INTO "schema_migrations" ("version") VALUES ($1) RETURNING "version"[0m  [["version", "20170714053359"]]
  [1m[35m (0.3ms)[0m  [1m[35mCOMMIT[0m
Migrating to CreateCorgis (20170714053409)
  [1m[35m (0.2ms)[0m  [1m[35mBEGIN[0m
  [1m[35m (2.5ms)[0m  [1m[35mCREATE TABLE "corgis" ("id" bigserial primary key, "name" character varying NOT NULL, "created_at" timestamp NOT NULL, "updated_at" timestamp NOT NULL)[0m
  [1m[35mSQL (0.3ms)[0m  [1m[32mINSERT INTO "schema_migrations" ("version") VALUES ($1) RETURNING "version"[0m  [["version", "20170714053409"]]
  [1m[35m (0.3ms)[0m  [1m[35mCOMMIT[0m
  [1m[36mActiveRecord::InternalMetadata Load (0.2ms)[0m  [1m[34mSELECT  "ar_internal_metadata".* FROM "ar_internal_metadata" WHERE "ar_internal_metadata"."key" = $1 LIMIT $2[0m  [["key", "environment"], ["LIMIT", 1]]
  [1m[35m (0.1ms)[0m  [1m[35mBEGIN[0m
  [1m[35mSQL (0.4ms)[0m  [1m[32mINSERT INTO "ar_internal_metadata" ("key", "value", "created_at", "updated_at") VALUES ($1, $2, $3, $4) RETURNING "key"[0m  [["key", "environment"], ["value", "development"], ["created_at", "2017-07-14 05:44:38.587678"], ["updated_at", "2017-07-14 05:44:38.587678"]]
  [1m[35m (0.3ms)[0m  [1m[35mCOMMIT[0m
  [1m[35m (0.2ms)[0m  [1m[34mSELECT pg_advisory_unlock(4795219387431405660)[0m
  [1m[35m (0.3ms)[0m  [1m[34mSELECT "schema_migrations"."version" FROM "schema_migrations" ORDER BY "schema_migrations"."version" ASC[0m
  [1m[35m (0.6ms)[0m  [1m[34mSELECT "schema_migrations"."version" FROM "schema_migrations" ORDER BY "schema_migrations"."version" ASC[0m
  [1m[35m (0.6ms)[0m  [1m[34mSELECT "schema_migrations"."version" FROM "schema_migrations" ORDER BY "schema_migrations"."version" ASC[0m
  [1m[35m (0.3ms)[0m  [1m[34mSELECT "ar_internal_metadata"."value" FROM "ar_internal_metadata" WHERE "ar_internal_metadata"."key" = $1[0m  [["key", "environment"]]
  [1m[35m (0.2ms)[0m  [1m[34mSELECT "schema_migrations"."version" FROM "schema_migrations" ORDER BY "schema_migrations"."version" ASC[0m
  [1m[35m (0.1ms)[0m  [1m[34mSELECT "ar_internal_metadata"."value" FROM "ar_internal_metadata" WHERE "ar_internal_metadata"."key" = $1[0m  [["key", "environment"]]
  [1m[35m (0.2ms)[0m  [1m[34mSELECT "schema_migrations"."version" FROM "schema_migrations" ORDER BY "schema_migrations"."version" ASC[0m
  [1m[35m (0.1ms)[0m  [1m[34mSELECT "ar_internal_metadata"."value" FROM "ar_internal_metadata" WHERE "ar_internal_metadata"."key" = $1[0m  [["key", "environment"]]
  [1m[35m (115.5ms)[0m  [1m[35mDROP DATABASE IF EXISTS "polymorphism_and_concerns_test"[0m
  [1m[35m (229.0ms)[0m  [1m[35mCREATE DATABASE "polymorphism_and_concerns_test" ENCODING = 'unicode'[0m
  [1m[35mSQL (0.3ms)[0m  [1m[35mCREATE EXTENSION IF NOT EXISTS "plpgsql"[0m
  [1m[35m (0.2ms)[0m  [1m[35mDROP TABLE IF EXISTS "cats" CASCADE[0m
  [1m[35m (5.7ms)[0m  [1m[35mCREATE TABLE "cats" ("id" bigserial primary key, "name" character varying NOT NULL, "created_at" timestamp NOT NULL, "updated_at" timestamp NOT NULL)[0m
  [1m[35m (0.2ms)[0m  [1m[35mDROP TABLE IF EXISTS "corgis" CASCADE[0m
  [1m[35m (2.7ms)[0m  [1m[35mCREATE TABLE "corgis" ("id" bigserial primary key, "name" character varying NOT NULL, "created_at" timestamp NOT NULL, "updated_at" timestamp NOT NULL)[0m
  [1m[35m (2.1ms)[0m  [1m[35mCREATE TABLE "schema_migrations" ("version" character varying NOT NULL PRIMARY KEY)[0m
  [1m[35m (0.5ms)[0m  [1m[34mSELECT "schema_migrations"."version" FROM "schema_migrations" ORDER BY "schema_migrations"."version" ASC[0m
  [1m[35m (0.4ms)[0m  [1m[32mINSERT INTO "schema_migrations" (version) VALUES (20170714053409)[0m
  [1m[35m (0.3ms)[0m  [1m[32mINSERT INTO "schema_migrations" (version) VALUES
(20170714053359);

[0m
  [1m[35m (2.0ms)[0m  [1m[35mCREATE TABLE "ar_internal_metadata" ("key" character varying NOT NULL PRIMARY KEY, "value" character varying, "created_at" timestamp NOT NULL, "updated_at" timestamp NOT NULL)[0m
  [1m[36mActiveRecord::InternalMetadata Load (0.3ms)[0m  [1m[34mSELECT  "ar_internal_metadata".* FROM "ar_internal_metadata" WHERE "ar_internal_metadata"."key" = $1 LIMIT $2[0m  [["key", "environment"], ["LIMIT", 1]]
  [1m[35m (0.1ms)[0m  [1m[35mBEGIN[0m
  [1m[35mSQL (0.4ms)[0m  [1m[32mINSERT INTO "ar_internal_metadata" ("key", "value", "created_at", "updated_at") VALUES ($1, $2, $3, $4) RETURNING "key"[0m  [["key", "environment"], ["value", "development"], ["created_at", "2017-07-14 05:44:42.231409"], ["updated_at", "2017-07-14 05:44:42.231409"]]
  [1m[35m (0.2ms)[0m  [1m[35mCOMMIT[0m
  [1m[36mActiveRecord::InternalMetadata Load (0.3ms)[0m  [1m[34mSELECT  "ar_internal_metadata".* FROM "ar_internal_metadata" WHERE "ar_internal_metadata"."key" = $1 LIMIT $2[0m  [["key", "environment"], ["LIMIT", 1]]
  [1m[35m (0.1ms)[0m  [1m[35mBEGIN[0m
  [1m[35m (0.1ms)[0m  [1m[35mCOMMIT[0m
  [1m[35m (0.6ms)[0m  [1m[34mSELECT "schema_migrations"."version" FROM "schema_migrations" ORDER BY "schema_migrations"."version" ASC[0m
  [1m[35m (0.1ms)[0m  [1m[35mBEGIN[0m
  [1m[35mSQL (0.7ms)[0m  [1m[32mINSERT INTO "corgis" ("name", "created_at", "updated_at") VALUES ($1, $2, $3) RETURNING "id"[0m  [["name", "Annamae"], ["created_at", "2017-07-14 05:47:29.189179"], ["updated_at", "2017-07-14 05:47:29.189179"]]
  [1m[35m (1.7ms)[0m  [1m[35mCOMMIT[0m
  [1m[35m (0.1ms)[0m  [1m[35mBEGIN[0m
  [1m[35mSQL (0.5ms)[0m  [1m[32mINSERT INTO "cats" ("name", "created_at", "updated_at") VALUES ($1, $2, $3) RETURNING "id"[0m  [["name", "Athena"], ["created_at", "2017-07-14 05:47:29.200002"], ["updated_at", "2017-07-14 05:47:29.200002"]]
  [1m[35m (0.2ms)[0m  [1m[35mCOMMIT[0m
  [1m[35m (0.1ms)[0m  [1m[35mBEGIN[0m
  [1m[35mSQL (0.2ms)[0m  [1m[32mINSERT INTO "corgis" ("name", "created_at", "updated_at") VALUES ($1, $2, $3) RETURNING "id"[0m  [["name", "Zane"], ["created_at", "2017-07-14 05:47:29.201805"], ["updated_at", "2017-07-14 05:47:29.201805"]]
  [1m[35m (0.3ms)[0m  [1m[35mCOMMIT[0m
  [1m[35m (0.1ms)[0m  [1m[35mBEGIN[0m
  [1m[35mSQL (0.2ms)[0m  [1m[32mINSERT INTO "cats" ("name", "created_at", "updated_at") VALUES ($1, $2, $3) RETURNING "id"[0m  [["name", "Bill"], ["created_at", "2017-07-14 05:47:29.203039"], ["updated_at", "2017-07-14 05:47:29.203039"]]
  [1m[35m (0.2ms)[0m  [1m[35mCOMMIT[0m
  [1m[35m (0.1ms)[0m  [1m[35mBEGIN[0m
  [1m[35mSQL (0.2ms)[0m  [1m[32mINSERT INTO "corgis" ("name", "created_at", "updated_at") VALUES ($1, $2, $3) RETURNING "id"[0m  [["name", "Carlie"], ["created_at", "2017-07-14 05:47:29.204215"], ["updated_at", "2017-07-14 05:47:29.204215"]]
  [1m[35m (0.3ms)[0m  [1m[35mCOMMIT[0m
  [1m[35m (0.1ms)[0m  [1m[35mBEGIN[0m
  [1m[35mSQL (0.2ms)[0m  [1m[32mINSERT INTO "cats" ("name", "created_at", "updated_at") VALUES ($1, $2, $3) RETURNING "id"[0m  [["name", "Glen"], ["created_at", "2017-07-14 05:47:29.205375"], ["updated_at", "2017-07-14 05:47:29.205375"]]
  [1m[35m (0.2ms)[0m  [1m[35mCOMMIT[0m
  [1m[35m (0.1ms)[0m  [1m[35mBEGIN[0m
  [1m[35mSQL (0.2ms)[0m  [1m[32mINSERT INTO "corgis" ("name", "created_at", "updated_at") VALUES ($1, $2, $3) RETURNING "id"[0m  [["name", "Jamey"], ["created_at", "2017-07-14 05:47:29.206505"], ["updated_at", "2017-07-14 05:47:29.206505"]]
  [1m[35m (0.2ms)[0m  [1m[35mCOMMIT[0m
  [1m[35m (0.1ms)[0m  [1m[35mBEGIN[0m
  [1m[35mSQL (0.2ms)[0m  [1m[32mINSERT INTO "cats" ("name", "created_at", "updated_at") VALUES ($1, $2, $3) RETURNING "id"[0m  [["name", "Madisyn"], ["created_at", "2017-07-14 05:47:29.207626"], ["updated_at", "2017-07-14 05:47:29.207626"]]
  [1m[35m (0.2ms)[0m  [1m[35mCOMMIT[0m
  [1m[35m (0.1ms)[0m  [1m[35mBEGIN[0m
  [1m[35mSQL (0.2ms)[0m  [1m[32mINSERT INTO "corgis" ("name", "created_at", "updated_at") VALUES ($1, $2, $3) RETURNING "id"[0m  [["name", "Hollie"], ["created_at", "2017-07-14 05:47:29.208720"], ["updated_at", "2017-07-14 05:47:29.208720"]]
  [1m[35m (0.2ms)[0m  [1m[35mCOMMIT[0m
  [1m[35m (0.1ms)[0m  [1m[35mBEGIN[0m
  [1m[35mSQL (0.2ms)[0m  [1m[32mINSERT INTO "cats" ("name", "created_at", "updated_at") VALUES ($1, $2, $3) RETURNING "id"[0m  [["name", "Verna"], ["created_at", "2017-07-14 05:47:29.209786"], ["updated_at", "2017-07-14 05:47:29.209786"]]
  [1m[35m (0.2ms)[0m  [1m[35mCOMMIT[0m
  [1m[35m (0.1ms)[0m  [1m[35mBEGIN[0m
  [1m[35mSQL (0.2ms)[0m  [1m[32mINSERT INTO "corgis" ("name", "created_at", "updated_at") VALUES ($1, $2, $3) RETURNING "id"[0m  [["name", "Virgie"], ["created_at", "2017-07-14 05:47:29.210879"], ["updated_at", "2017-07-14 05:47:29.210879"]]
  [1m[35m (0.2ms)[0m  [1m[35mCOMMIT[0m
  [1m[35m (0.1ms)[0m  [1m[35mBEGIN[0m
  [1m[35mSQL (0.2ms)[0m  [1m[32mINSERT INTO "cats" ("name", "created_at", "updated_at") VALUES ($1, $2, $3) RETURNING "id"[0m  [["name", "Darrick"], ["created_at", "2017-07-14 05:47:29.211946"], ["updated_at", "2017-07-14 05:47:29.211946"]]
  [1m[35m (0.2ms)[0m  [1m[35mCOMMIT[0m
  [1m[35m (0.1ms)[0m  [1m[35mBEGIN[0m
  [1m[35mSQL (0.2ms)[0m  [1m[32mINSERT INTO "corgis" ("name", "created_at", "updated_at") VALUES ($1, $2, $3) RETURNING "id"[0m  [["name", "Lucious"], ["created_at", "2017-07-14 05:47:29.212998"], ["updated_at", "2017-07-14 05:47:29.212998"]]
  [1m[35m (0.2ms)[0m  [1m[35mCOMMIT[0m
  [1m[35m (0.1ms)[0m  [1m[35mBEGIN[0m
  [1m[35mSQL (0.2ms)[0m  [1m[32mINSERT INTO "cats" ("name", "created_at", "updated_at") VALUES ($1, $2, $3) RETURNING "id"[0m  [["name", "Reid"], ["created_at", "2017-07-14 05:47:29.214009"], ["updated_at", "2017-07-14 05:47:29.214009"]]
  [1m[35m (0.2ms)[0m  [1m[35mCOMMIT[0m
  [1m[35m (0.1ms)[0m  [1m[35mBEGIN[0m
  [1m[35mSQL (0.2ms)[0m  [1m[32mINSERT INTO "corgis" ("name", "created_at", "updated_at") VALUES ($1, $2, $3) RETURNING "id"[0m  [["name", "Jeffery"], ["created_at", "2017-07-14 05:47:29.215049"], ["updated_at", "2017-07-14 05:47:29.215049"]]
  [1m[35m (0.2ms)[0m  [1m[35mCOMMIT[0m
  [1m[35m (0.1ms)[0m  [1m[35mBEGIN[0m
  [1m[35mSQL (0.2ms)[0m  [1m[32mINSERT INTO "cats" ("name", "created_at", "updated_at") VALUES ($1, $2, $3) RETURNING "id"[0m  [["name", "Giles"], ["created_at", "2017-07-14 05:47:29.216078"], ["updated_at", "2017-07-14 05:47:29.216078"]]
  [1m[35m (0.2ms)[0m  [1m[35mCOMMIT[0m
  [1m[35m (0.1ms)[0m  [1m[35mBEGIN[0m
  [1m[35mSQL (0.2ms)[0m  [1m[32mINSERT INTO "corgis" ("name", "created_at", "updated_at") VALUES ($1, $2, $3) RETURNING "id"[0m  [["name", "Tyree"], ["created_at", "2017-07-14 05:47:29.217114"], ["updated_at", "2017-07-14 05:47:29.217114"]]
  [1m[35m (0.2ms)[0m  [1m[35mCOMMIT[0m
  [1m[35m (0.1ms)[0m  [1m[35mBEGIN[0m
  [1m[35mSQL (0.2ms)[0m  [1m[32mINSERT INTO "cats" ("name", "created_at", "updated_at") VALUES ($1, $2, $3) RETURNING "id"[0m  [["name", "Cydney"], ["created_at", "2017-07-14 05:47:29.218133"], ["updated_at", "2017-07-14 05:47:29.218133"]]
  [1m[35m (0.2ms)[0m  [1m[35mCOMMIT[0m
  [1m[35m (0.1ms)[0m  [1m[35mBEGIN[0m
  [1m[35mSQL (0.2ms)[0m  [1m[32mINSERT INTO "corgis" ("name", "created_at", "updated_at") VALUES ($1, $2, $3) RETURNING "id"[0m  [["name", "Adelle"], ["created_at", "2017-07-14 05:47:29.219177"], ["updated_at", "2017-07-14 05:47:29.219177"]]
  [1m[35m (0.2ms)[0m  [1m[35mCOMMIT[0m
  [1m[35m (0.1ms)[0m  [1m[35mBEGIN[0m
  [1m[35mSQL (0.2ms)[0m  [1m[32mINSERT INTO "cats" ("name", "created_at", "updated_at") VALUES ($1, $2, $3) RETURNING "id"[0m  [["name", "Florida"], ["created_at", "2017-07-14 05:47:29.220188"], ["updated_at", "2017-07-14 05:47:29.220188"]]
  [1m[35m (0.1ms)[0m  [1m[35mCOMMIT[0m
  [1m[35m (0.2ms)[0m  [1m[35mDROP DATABASE IF EXISTS "polymorphism_and_concerns_development"[0m
  [1m[35m (0.2ms)[0m  [1m[35mDROP DATABASE IF EXISTS "polymorphism_and_concerns_test"[0m
  [1m[35m (120.7ms)[0m  [1m[35mCREATE TABLE "schema_migrations" ("version" character varying NOT NULL PRIMARY KEY)[0m
  [1m[35m (23.4ms)[0m  [1m[35mCREATE TABLE "ar_internal_metadata" ("key" character varying NOT NULL PRIMARY KEY, "value" character varying, "created_at" timestamp NOT NULL, "updated_at" timestamp NOT NULL)[0m
  [1m[35m (1.0ms)[0m  [1m[34mSELECT pg_try_advisory_lock(4795219387431405660);[0m
  [1m[35m (1.4ms)[0m  [1m[34mSELECT "schema_migrations"."version" FROM "schema_migrations" ORDER BY "schema_migrations"."version" ASC[0m
Migrating to CreateCats (20170714053359)
  [1m[35m (0.2ms)[0m  [1m[35mBEGIN[0m
  [1m[35m (33.2ms)[0m  [1m[35mCREATE TABLE "cats" ("id" bigserial primary key, "name" character varying NOT NULL, "created_at" timestamp NOT NULL, "updated_at" timestamp NOT NULL)[0m
  [1m[35mSQL (0.7ms)[0m  [1m[32mINSERT INTO "schema_migrations" ("version") VALUES ($1) RETURNING "version"[0m  [["version", "20170714053359"]]
  [1m[35m (1.0ms)[0m  [1m[35mCOMMIT[0m
Migrating to CreateCorgis (20170714053409)
  [1m[35m (0.4ms)[0m  [1m[35mBEGIN[0m
  [1m[35m (6.0ms)[0m  [1m[35mCREATE TABLE "corgis" ("id" bigserial primary key, "name" character varying NOT NULL, "created_at" timestamp NOT NULL, "updated_at" timestamp NOT NULL)[0m
  [1m[35mSQL (0.5ms)[0m  [1m[32mINSERT INTO "schema_migrations" ("version") VALUES ($1) RETURNING "version"[0m  [["version", "20170714053409"]]
  [1m[35m (0.6ms)[0m  [1m[35mCOMMIT[0m
Migrating to CreateToys (20171204233401)
  [1m[35m (0.5ms)[0m  [1m[35mBEGIN[0m
  [1m[35m (6.9ms)[0m  [1m[35mCREATE TABLE "toys" ("id" bigserial primary key, "name" character varying NOT NULL, "toyable_type" character varying, "toyable_id" bigint, "created_at" timestamp NOT NULL, "updated_at" timestamp NOT NULL)[0m
  [1m[35m (1.7ms)[0m  [1m[35mCREATE  INDEX  "index_toys_on_toyable_type_and_toyable_id" ON "toys"  ("toyable_type", "toyable_id")[0m
  [1m[35m (1.4ms)[0m  [1m[35mCREATE UNIQUE INDEX  "index_toys_on_name_and_toyable_id_and_toyable_type" ON "toys"  ("name", "toyable_id", "toyable_type")[0m
  [1m[35mSQL (0.3ms)[0m  [1m[32mINSERT INTO "schema_migrations" ("version") VALUES ($1) RETURNING "version"[0m  [["version", "20171204233401"]]
  [1m[35m (1.0ms)[0m  [1m[35mCOMMIT[0m
  [1m[36mActiveRecord::InternalMetadata Load (0.4ms)[0m  [1m[34mSELECT  "ar_internal_metadata".* FROM "ar_internal_metadata" WHERE "ar_internal_metadata"."key" = $1 LIMIT $2[0m  [["key", "environment"], ["LIMIT", 1]]
  [1m[35m (0.2ms)[0m  [1m[35mBEGIN[0m
  [1m[35mSQL (0.9ms)[0m  [1m[32mINSERT INTO "ar_internal_metadata" ("key", "value", "created_at", "updated_at") VALUES ($1, $2, $3, $4) RETURNING "key"[0m  [["key", "environment"], ["value", "development"], ["created_at", "2017-12-04 23:40:06.326169"], ["updated_at", "2017-12-04 23:40:06.326169"]]
  [1m[35m (0.4ms)[0m  [1m[35mCOMMIT[0m
  [1m[35m (0.3ms)[0m  [1m[34mSELECT pg_advisory_unlock(4795219387431405660)[0m
  [1m[35m (0.7ms)[0m  [1m[34mSELECT "schema_migrations"."version" FROM "schema_migrations" ORDER BY "schema_migrations"."version" ASC[0m
  [1m[35m (1.4ms)[0m  [1m[34mSELECT "schema_migrations"."version" FROM "schema_migrations" ORDER BY "schema_migrations"."version" ASC[0m
  [1m[35m (0.2ms)[0m  [1m[35mBEGIN[0m
  [1m[35mSQL (20.3ms)[0m  [1m[32mINSERT INTO "corgis" ("name", "created_at", "updated_at") VALUES ($1, $2, $3) RETURNING "id"[0m  [["name", "Einar"], ["created_at", "2017-12-04 23:41:14.645023"], ["updated_at", "2017-12-04 23:41:14.645023"]]
  [1m[35m (2.0ms)[0m  [1m[35mCOMMIT[0m
  [1m[35m (0.2ms)[0m  [1m[35mBEGIN[0m
  [1m[35mSQL (43.4ms)[0m  [1m[32mINSERT INTO "cats" ("name", "created_at", "updated_at") VALUES ($1, $2, $3) RETURNING "id"[0m  [["name", "Darby"], ["created_at", "2017-12-04 23:41:14.684192"], ["updated_at", "2017-12-04 23:41:14.684192"]]
  [1m[35m (0.8ms)[0m  [1m[35mCOMMIT[0m
  [1m[35m (0.2ms)[0m  [1m[35mBEGIN[0m
  [1m[35mSQL (0.5ms)[0m  [1m[32mINSERT INTO "corgis" ("name", "created_at", "updated_at") VALUES ($1, $2, $3) RETURNING "id"[0m  [["name", "Elwin"], ["created_at", "2017-12-04 23:41:14.731312"], ["updated_at", "2017-12-04 23:41:14.731312"]]
  [1m[35m (0.4ms)[0m  [1m[35mCOMMIT[0m
  [1m[35m (0.1ms)[0m  [1m[35mBEGIN[0m
  [1m[35mSQL (0.4ms)[0m  [1m[32mINSERT INTO "cats" ("name", "created_at", "updated_at") VALUES ($1, $2, $3) RETURNING "id"[0m  [["name", "Jayde"], ["created_at", "2017-12-04 23:41:14.733953"], ["updated_at", "2017-12-04 23:41:14.733953"]]
  [1m[35m (0.4ms)[0m  [1m[35mCOMMIT[0m
  [1m[35m (0.1ms)[0m  [1m[35mBEGIN[0m
  [1m[35mSQL (0.8ms)[0m  [1m[32mINSERT INTO "corgis" ("name", "created_at", "updated_at") VALUES ($1, $2, $3) RETURNING "id"[0m  [["name", "Joey"], ["created_at", "2017-12-04 23:41:14.736272"], ["updated_at", "2017-12-04 23:41:14.736272"]]
  [1m[35m (0.5ms)[0m  [1m[35mCOMMIT[0m
  [1m[35m (0.2ms)[0m  [1m[35mBEGIN[0m
  [1m[35mSQL (0.4ms)[0m  [1m[32mINSERT INTO "cats" ("name", "created_at", "updated_at") VALUES ($1, $2, $3) RETURNING "id"[0m  [["name", "Idella"], ["created_at", "2017-12-04 23:41:14.740094"], ["updated_at", "2017-12-04 23:41:14.740094"]]
  [1m[35m (7.1ms)[0m  [1m[35mCOMMIT[0m
  [1m[35m (0.2ms)[0m  [1m[35mBEGIN[0m
  [1m[35mSQL (0.4ms)[0m  [1m[32mINSERT INTO "corgis" ("name", "created_at", "updated_at") VALUES ($1, $2, $3) RETURNING "id"[0m  [["name", "Eugene"], ["created_at", "2017-12-04 23:41:14.750103"], ["updated_at", "2017-12-04 23:41:14.750103"]]
  [1m[35m (0.3ms)[0m  [1m[35mCOMMIT[0m
  [1m[35m (0.1ms)[0m  [1m[35mBEGIN[0m
  [1m[35mSQL (0.5ms)[0m  [1m[32mINSERT INTO "cats" ("name", "created_at", "updated_at") VALUES ($1, $2, $3) RETURNING "id"[0m  [["name", "Ethyl"], ["created_at", "2017-12-04 23:41:14.752601"], ["updated_at", "2017-12-04 23:41:14.752601"]]
  [1m[35m (2.5ms)[0m  [1m[35mCOMMIT[0m
  [1m[35m (0.2ms)[0m  [1m[35mBEGIN[0m
  [1m[35mSQL (0.4ms)[0m  [1m[32mINSERT INTO "corgis" ("name", "created_at", "updated_at") VALUES ($1, $2, $3) RETURNING "id"[0m  [["name", "Claudine"], ["created_at", "2017-12-04 23:41:14.758264"], ["updated_at", "2017-12-04 23:41:14.758264"]]
  [1m[35m (0.4ms)[0m  [1m[35mCOMMIT[0m
  [1m[35m (0.1ms)[0m  [1m[35mBEGIN[0m
  [1m[35mSQL (0.4ms)[0m  [1m[32mINSERT INTO "cats" ("name", "created_at", "updated_at") VALUES ($1, $2, $3) RETURNING "id"[0m  [["name", "Saige"], ["created_at", "2017-12-04 23:41:14.760663"], ["updated_at", "2017-12-04 23:41:14.760663"]]
  [1m[35m (0.4ms)[0m  [1m[35mCOMMIT[0m
  [1m[35m (0.1ms)[0m  [1m[35mBEGIN[0m
  [1m[35mSQL (0.4ms)[0m  [1m[32mINSERT INTO "corgis" ("name", "created_at", "updated_at") VALUES ($1, $2, $3) RETURNING "id"[0m  [["name", "Loyal"], ["created_at", "2017-12-04 23:41:14.764046"], ["updated_at", "2017-12-04 23:41:14.764046"]]
  [1m[35m (0.4ms)[0m  [1m[35mCOMMIT[0m
  [1m[35m (0.1ms)[0m  [1m[35mBEGIN[0m
  [1m[35mSQL (0.4ms)[0m  [1m[32mINSERT INTO "cats" ("name", "created_at", "updated_at") VALUES ($1, $2, $3) RETURNING "id"[0m  [["name", "Maribel"], ["created_at", "2017-12-04 23:41:14.766482"], ["updated_at", "2017-12-04 23:41:14.766482"]]
  [1m[35m (0.4ms)[0m  [1m[35mCOMMIT[0m
  [1m[35m (0.1ms)[0m  [1m[35mBEGIN[0m
  [1m[35mSQL (0.4ms)[0m  [1m[32mINSERT INTO "corgis" ("name", "created_at", "updated_at") VALUES ($1, $2, $3) RETURNING "id"[0m  [["name", "Haylie"], ["created_at", "2017-12-04 23:41:14.769027"], ["updated_at", "2017-12-04 23:41:14.769027"]]
  [1m[35m (0.4ms)[0m  [1m[35mCOMMIT[0m
  [1m[35m (0.1ms)[0m  [1m[35mBEGIN[0m
  [1m[35mSQL (0.3ms)[0m  [1m[32mINSERT INTO "cats" ("name", "created_at", "updated_at") VALUES ($1, $2, $3) RETURNING "id"[0m  [["name", "Ashton"], ["created_at", "2017-12-04 23:41:14.772173"], ["updated_at", "2017-12-04 23:41:14.772173"]]
  [1m[35m (0.4ms)[0m  [1m[35mCOMMIT[0m
  [1m[35m (0.1ms)[0m  [1m[35mBEGIN[0m
  [1m[35mSQL (0.3ms)[0m  [1m[32mINSERT INTO "corgis" ("name", "created_at", "updated_at") VALUES ($1, $2, $3) RETURNING "id"[0m  [["name", "Arnoldo"], ["created_at", "2017-12-04 23:41:14.774367"], ["updated_at", "2017-12-04 23:41:14.774367"]]
  [1m[35m (0.4ms)[0m  [1m[35mCOMMIT[0m
  [1m[35m (0.1ms)[0m  [1m[35mBEGIN[0m
  [1m[35mSQL (0.5ms)[0m  [1m[32mINSERT INTO "cats" ("name", "created_at", "updated_at") VALUES ($1, $2, $3) RETURNING "id"[0m  [["name", "Shayna"], ["created_at", "2017-12-04 23:41:14.776636"], ["updated_at", "2017-12-04 23:41:14.776636"]]
  [1m[35m (0.6ms)[0m  [1m[35mCOMMIT[0m
  [1m[35m (0.1ms)[0m  [1m[35mBEGIN[0m
  [1m[35mSQL (0.4ms)[0m  [1m[32mINSERT INTO "corgis" ("name", "created_at", "updated_at") VALUES ($1, $2, $3) RETURNING "id"[0m  [["name", "Arvid"], ["created_at", "2017-12-04 23:41:14.780335"], ["updated_at", "2017-12-04 23:41:14.780335"]]
  [1m[35m (0.4ms)[0m  [1m[35mCOMMIT[0m
  [1m[35m (0.1ms)[0m  [1m[35mBEGIN[0m
  [1m[35mSQL (0.3ms)[0m  [1m[32mINSERT INTO "cats" ("name", "created_at", "updated_at") VALUES ($1, $2, $3) RETURNING "id"[0m  [["name", "Jerald"], ["created_at", "2017-12-04 23:41:14.782608"], ["updated_at", "2017-12-04 23:41:14.782608"]]
  [1m[35m (0.6ms)[0m  [1m[35mCOMMIT[0m
  [1m[35m (0.2ms)[0m  [1m[35mBEGIN[0m
  [1m[35mSQL (0.4ms)[0m  [1m[32mINSERT INTO "corgis" ("name", "created_at", "updated_at") VALUES ($1, $2, $3) RETURNING "id"[0m  [["name", "Malinda"], ["created_at", "2017-12-04 23:41:14.786288"], ["updated_at", "2017-12-04 23:41:14.786288"]]
  [1m[35m (0.4ms)[0m  [1m[35mCOMMIT[0m
  [1m[35m (0.1ms)[0m  [1m[35mBEGIN[0m
  [1m[35mSQL (0.3ms)[0m  [1m[32mINSERT INTO "cats" ("name", "created_at", "updated_at") VALUES ($1, $2, $3) RETURNING "id"[0m  [["name", "Carol"], ["created_at", "2017-12-04 23:41:14.788899"], ["updated_at", "2017-12-04 23:41:14.788899"]]
  [1m[35m (0.4ms)[0m  [1m[35mCOMMIT[0m
  [1m[35m (0.2ms)[0m  [1m[35mBEGIN[0m
  [1m[36mCat Load (0.4ms)[0m  [1m[34mSELECT  "cats".* FROM "cats" WHERE "cats"."id" = $1 LIMIT $2[0m  [["id", 2], ["LIMIT", 1]]
  [1m[36mToy Exists (37.2ms)[0m  [1m[34mSELECT  1 AS one FROM "toys" WHERE "toys"."name" = $1 AND "toys"."toyable_type" = 'Cat' AND "toys"."toyable_id" = 2 LIMIT $2[0m  [["name", "Bird"], ["LIMIT", 1]]
  [1m[35mSQL (1.0ms)[0m  [1m[32mINSERT INTO "toys" ("name", "toyable_type", "toyable_id", "created_at", "updated_at") VALUES ($1, $2, $3, $4, $5) RETURNING "id"[0m  [["name", "Bird"], ["toyable_type", "Cat"], ["toyable_id", 2], ["created_at", "2017-12-04 23:41:14.947624"], ["updated_at", "2017-12-04 23:41:14.947624"]]
  [1m[35m (1.7ms)[0m  [1m[35mCOMMIT[0m
  [1m[35m (0.3ms)[0m  [1m[35mBEGIN[0m
  [1m[36mCat Load (0.7ms)[0m  [1m[34mSELECT  "cats".* FROM "cats" WHERE "cats"."id" = $1 LIMIT $2[0m  [["id", 4], ["LIMIT", 1]]
  [1m[36mToy Exists (0.9ms)[0m  [1m[34mSELECT  1 AS one FROM "toys" WHERE "toys"."name" = $1 AND "toys"."toyable_type" = 'Cat' AND "toys"."toyable_id" = 4 LIMIT $2[0m  [["name", "Titan Eyes"], ["LIMIT", 1]]
  [1m[35mSQL (0.5ms)[0m  [1m[32mINSERT INTO "toys" ("name", "toyable_type", "toyable_id", "created_at", "updated_at") VALUES ($1, $2, $3, $4, $5) RETURNING "id"[0m  [["name", "Titan Eyes"], ["toyable_type", "Cat"], ["toyable_id", 4], ["created_at", "2017-12-04 23:41:14.959239"], ["updated_at", "2017-12-04 23:41:14.959239"]]
  [1m[35m (1.0ms)[0m  [1m[35mCOMMIT[0m
  [1m[35m (0.1ms)[0m  [1m[35mBEGIN[0m
  [1m[36mCat Load (0.3ms)[0m  [1m[34mSELECT  "cats".* FROM "cats" WHERE "cats"."id" = $1 LIMIT $2[0m  [["id", 10], ["LIMIT", 1]]
  [1m[36mToy Exists (0.5ms)[0m  [1m[34mSELECT  1 AS one FROM "toys" WHERE "toys"."name" = $1 AND "toys"."toyable_type" = 'Cat' AND "toys"."toyable_id" = 10 LIMIT $2[0m  [["name", "Captain Thor Boy"], ["LIMIT", 1]]
  [1m[35mSQL (0.4ms)[0m  [1m[32mINSERT INTO "toys" ("name", "toyable_type", "toyable_id", "created_at", "updated_at") VALUES ($1, $2, $3, $4, $5) RETURNING "id"[0m  [["name", "Captain Thor Boy"], ["toyable_type", "Cat"], ["toyable_id", 10], ["created_at", "2017-12-04 23:41:14.966431"], ["updated_at", "2017-12-04 23:41:14.966431"]]
  [1m[35m (0.4ms)[0m  [1m[35mCOMMIT[0m
  [1m[35m (0.2ms)[0m  [1m[35mBEGIN[0m
  [1m[36mCorgi Load (0.4ms)[0m  [1m[34mSELECT  "corgis".* FROM "corgis" WHERE "corgis"."id" = $1 LIMIT $2[0m  [["id", 7], ["LIMIT", 1]]
  [1m[36mToy Exists (0.4ms)[0m  [1m[34mSELECT  1 AS one FROM "toys" WHERE "toys"."name" = $1 AND "toys"."toyable_type" = 'Corgi' AND "toys"."toyable_id" = 7 LIMIT $2[0m  [["name", "Red Northstar"], ["LIMIT", 1]]
  [1m[35mSQL (0.4ms)[0m  [1m[32mINSERT INTO "toys" ("name", "toyable_type", "toyable_id", "created_at", "updated_at") VALUES ($1, $2, $3, $4, $5) RETURNING "id"[0m  [["name", "Red Northstar"], ["toyable_type", "Corgi"], ["toyable_id", 7], ["created_at", "2017-12-04 23:41:14.974259"], ["updated_at", "2017-12-04 23:41:14.974259"]]
  [1m[35m (0.4ms)[0m  [1m[35mCOMMIT[0m
  [1m[35m (0.1ms)[0m  [1m[35mBEGIN[0m
  [1m[36mCorgi Load (0.4ms)[0m  [1m[34mSELECT  "corgis".* FROM "corgis" WHERE "corgis"."id" = $1 LIMIT $2[0m  [["id", 4], ["LIMIT", 1]]
  [1m[36mToy Exists (0.4ms)[0m  [1m[34mSELECT  1 AS one FROM "toys" WHERE "toys"."name" = $1 AND "toys"."toyable_type" = 'Corgi' AND "toys"."toyable_id" = 4 LIMIT $2[0m  [["name", "Firelord Ivy"], ["LIMIT", 1]]
  [1m[35mSQL (0.4ms)[0m  [1m[32mINSERT INTO "toys" ("name", "toyable_type", "toyable_id", "created_at", "updated_at") VALUES ($1, $2, $3, $4, $5) RETURNING "id"[0m  [["name", "Firelord Ivy"], ["toyable_type", "Corgi"], ["toyable_id", 4], ["created_at", "2017-12-04 23:41:14.980746"], ["updated_at", "2017-12-04 23:41:14.980746"]]
  [1m[35m (0.4ms)[0m  [1m[35mCOMMIT[0m
  [1m[35m (0.1ms)[0m  [1m[35mBEGIN[0m
  [1m[36mCat Load (0.3ms)[0m  [1m[34mSELECT  "cats".* FROM "cats" WHERE "cats"."id" = $1 LIMIT $2[0m  [["id", 9], ["LIMIT", 1]]
  [1m[36mToy Exists (0.5ms)[0m  [1m[34mSELECT  1 AS one FROM "toys" WHERE "toys"."name" = $1 AND "toys"."toyable_type" = 'Cat' AND "toys"."toyable_id" = 9 LIMIT $2[0m  [["name", "Illustrious Atlas Brain"], ["LIMIT", 1]]
  [1m[35mSQL (0.5ms)[0m  [1m[32mINSERT INTO "toys" ("name", "toyable_type", "toyable_id", "created_at", "updated_at") VALUES ($1, $2, $3, $4, $5) RETURNING "id"[0m  [["name", "Illustrious Atlas Brain"], ["toyable_type", "Cat"], ["toyable_id", 9], ["created_at", "2017-12-04 23:41:14.987430"], ["updated_at", "2017-12-04 23:41:14.987430"]]
  [1m[35m (0.4ms)[0m  [1m[35mCOMMIT[0m
  [1m[35m (0.1ms)[0m  [1m[35mBEGIN[0m
  [1m[36mCat Load (0.3ms)[0m  [1m[34mSELECT  "cats".* FROM "cats" WHERE "cats"."id" = $1 LIMIT $2[0m  [["id", 4], ["LIMIT", 1]]
  [1m[36mToy Exists (0.4ms)[0m  [1m[34mSELECT  1 AS one FROM "toys" WHERE "toys"."name" = $1 AND "toys"."toyable_type" = 'Cat' AND "toys"."toyable_id" = 4 LIMIT $2[0m  [["name", "The Vindicator I"], ["LIMIT", 1]]
  [1m[35mSQL (0.5ms)[0m  [1m[32mINSERT INTO "toys" ("name", "toyable_type", "toyable_id", "created_at", "updated_at") VALUES ($1, $2, $3, $4, $5) RETURNING "id"[0m  [["name", "The Vindicator I"], ["toyable_type", "Cat"], ["toyable_id", 4], ["created_at", "2017-12-04 23:41:14.992682"], ["updated_at", "2017-12-04 23:41:14.992682"]]
  [1m[35m (0.4ms)[0m  [1m[35mCOMMIT[0m
  [1m[35m (0.1ms)[0m  [1m[35mBEGIN[0m
  [1m[36mCorgi Load (0.3ms)[0m  [1m[34mSELECT  "corgis".* FROM "corgis" WHERE "corgis"."id" = $1 LIMIT $2[0m  [["id", 5], ["LIMIT", 1]]
  [1m[36mToy Exists (0.5ms)[0m  [1m[34mSELECT  1 AS one FROM "toys" WHERE "toys"."name" = $1 AND "toys"."toyable_type" = 'Corgi' AND "toys"."toyable_id" = 5 LIMIT $2[0m  [["name", "Predator X"], ["LIMIT", 1]]
  [1m[35mSQL (0.4ms)[0m  [1m[32mINSERT INTO "toys" ("name", "toyable_type", "toyable_id", "created_at", "updated_at") VALUES ($1, $2, $3, $4, $5) RETURNING "id"[0m  [["name", "Predator X"], ["toyable_type", "Corgi"], ["toyable_id", 5], ["created_at", "2017-12-04 23:41:14.999325"], ["updated_at", "2017-12-04 23:41:14.999325"]]
  [1m[35m (0.4ms)[0m  [1m[35mCOMMIT[0m
  [1m[35m (0.2ms)[0m  [1m[35mBEGIN[0m
  [1m[36mCorgi Load (0.3ms)[0m  [1m[34mSELECT  "corgis".* FROM "corgis" WHERE "corgis"."id" = $1 LIMIT $2[0m  [["id", 4], ["LIMIT", 1]]
  [1m[36mToy Exists (0.4ms)[0m  [1m[34mSELECT  1 AS one FROM "toys" WHERE "toys"."name" = $1 AND "toys"."toyable_type" = 'Corgi' AND "toys"."toyable_id" = 4 LIMIT $2[0m  [["name", "Domino I"], ["LIMIT", 1]]
  [1m[35mSQL (0.4ms)[0m  [1m[32mINSERT INTO "toys" ("name", "toyable_type", "toyable_id", "created_at", "updated_at") VALUES ($1, $2, $3, $4, $5) RETURNING "id"[0m  [["name", "Domino I"], ["toyable_type", "Corgi"], ["toyable_id", 4], ["created_at", "2017-12-04 23:41:15.005566"], ["updated_at", "2017-12-04 23:41:15.005566"]]
  [1m[35m (0.5ms)[0m  [1m[35mCOMMIT[0m
  [1m[35m (0.2ms)[0m  [1m[35mBEGIN[0m
  [1m[36mCorgi Load (0.4ms)[0m  [1m[34mSELECT  "corgis".* FROM "corgis" WHERE "corgis"."id" = $1 LIMIT $2[0m  [["id", 7], ["LIMIT", 1]]
  [1m[36mToy Exists (0.4ms)[0m  [1m[34mSELECT  1 AS one FROM "toys" WHERE "toys"."name" = $1 AND "toys"."toyable_type" = 'Corgi' AND "toys"."toyable_id" = 7 LIMIT $2[0m  [["name", "Junkpile the Hunter"], ["LIMIT", 1]]
  [1m[35mSQL (0.4ms)[0m  [1m[32mINSERT INTO "toys" ("name", "toyable_type", "toyable_id", "created_at", "updated_at") VALUES ($1, $2, $3, $4, $5) RETURNING "id"[0m  [["name", "Junkpile the Hunter"], ["toyable_type", "Corgi"], ["toyable_id", 7], ["created_at", "2017-12-04 23:41:15.012680"], ["updated_at", "2017-12-04 23:41:15.012680"]]
  [1m[35m (0.4ms)[0m  [1m[35mCOMMIT[0m
  [1m[35m (0.1ms)[0m  [1m[35mBEGIN[0m
  [1m[36mCorgi Load (0.3ms)[0m  [1m[34mSELECT  "corgis".* FROM "corgis" WHERE "corgis"."id" = $1 LIMIT $2[0m  [["id", 8], ["LIMIT", 1]]
  [1m[36mToy Exists (0.8ms)[0m  [1m[34mSELECT  1 AS one FROM "toys" WHERE "toys"."name" = $1 AND "toys"."toyable_type" = 'Corgi' AND "toys"."toyable_id" = 8 LIMIT $2[0m  [["name", "Captain Walrus"], ["LIMIT", 1]]
  [1m[35mSQL (0.4ms)[0m  [1m[32mINSERT INTO "toys" ("name", "toyable_type", "toyable_id", "created_at", "updated_at") VALUES ($1, $2, $3, $4, $5) RETURNING "id"[0m  [["name", "Captain Walrus"], ["toyable_type", "Corgi"], ["toyable_id", 8], ["created_at", "2017-12-04 23:41:15.019149"], ["updated_at", "2017-12-04 23:41:15.019149"]]
  [1m[35m (0.4ms)[0m  [1m[35mCOMMIT[0m
  [1m[35m (0.1ms)[0m  [1m[35mBEGIN[0m
  [1m[36mCorgi Load (0.2ms)[0m  [1m[34mSELECT  "corgis".* FROM "corgis" WHERE "corgis"."id" = $1 LIMIT $2[0m  [["id", 5], ["LIMIT", 1]]
  [1m[36mToy Exists (0.4ms)[0m  [1m[34mSELECT  1 AS one FROM "toys" WHERE "toys"."name" = $1 AND "toys"."toyable_type" = 'Corgi' AND "toys"."toyable_id" = 5 LIMIT $2[0m  [["name", "Supah Gambit"], ["LIMIT", 1]]
  [1m[35mSQL (1.2ms)[0m  [1m[32mINSERT INTO "toys" ("name", "toyable_type", "toyable_id", "created_at", "updated_at") VALUES ($1, $2, $3, $4, $5) RETURNING "id"[0m  [["name", "Supah Gambit"], ["toyable_type", "Corgi"], ["toyable_id", 5], ["created_at", "2017-12-04 23:41:15.024429"], ["updated_at", "2017-12-04 23:41:15.024429"]]
  [1m[35m (0.4ms)[0m  [1m[35mCOMMIT[0m
  [1m[35m (0.1ms)[0m  [1m[35mBEGIN[0m
  [1m[36mCat Load (0.3ms)[0m  [1m[34mSELECT  "cats".* FROM "cats" WHERE "cats"."id" = $1 LIMIT $2[0m  [["id", 11], ["LIMIT", 1]]
  [1m[36mToy Exists (0.4ms)[0m  [1m[34mSELECT  1 AS one FROM "toys" WHERE "toys"."name" = $1 AND "toys"."toyable_id" IS NULL LIMIT $2[0m  [["name", "Agent Nina Theroux Machine"], ["LIMIT", 1]]
  [1m[35m (0.2ms)[0m  [1m[31mROLLBACK[0m
  [1m[35m (0.2ms)[0m  [1m[35mBEGIN[0m
  [1m[36mCorgi Load (0.6ms)[0m  [1m[34mSELECT  "corgis".* FROM "corgis" WHERE "corgis"."id" = $1 LIMIT $2[0m  [["id", 11], ["LIMIT", 1]]
  [1m[36mToy Exists (0.4ms)[0m  [1m[34mSELECT  1 AS one FROM "toys" WHERE "toys"."name" = $1 AND "toys"."toyable_id" IS NULL LIMIT $2[0m  [["name", "Garbage Fist"], ["LIMIT", 1]]
  [1m[35m (0.2ms)[0m  [1m[31mROLLBACK[0m
  [1m[35m (0.1ms)[0m  [1m[35mBEGIN[0m
  [1m[36mCorgi Load (0.8ms)[0m  [1m[34mSELECT  "corgis".* FROM "corgis" WHERE "corgis"."id" = $1 LIMIT $2[0m  [["id", 2], ["LIMIT", 1]]
  [1m[36mToy Exists (0.5ms)[0m  [1m[34mSELECT  1 AS one FROM "toys" WHERE "toys"."name" = $1 AND "toys"."toyable_type" = 'Corgi' AND "toys"."toyable_id" = 2 LIMIT $2[0m  [["name", "Magnificent Chameleon"], ["LIMIT", 1]]
  [1m[35mSQL (0.4ms)[0m  [1m[32mINSERT INTO "toys" ("name", "toyable_type", "toyable_id", "created_at", "updated_at") VALUES ($1, $2, $3, $4, $5) RETURNING "id"[0m  [["name", "Magnificent Chameleon"], ["toyable_type", "Corgi"], ["toyable_id", 2], ["created_at", "2017-12-04 23:41:15.044067"], ["updated_at", "2017-12-04 23:41:15.044067"]]
  [1m[35m (0.4ms)[0m  [1m[35mCOMMIT[0m
  [1m[35m (0.1ms)[0m  [1m[35mBEGIN[0m
  [1m[36mCat Load (0.2ms)[0m  [1m[34mSELECT  "cats".* FROM "cats" WHERE "cats"."id" = $1 LIMIT $2[0m  [["id", 11], ["LIMIT", 1]]
  [1m[36mToy Exists (0.4ms)[0m  [1m[34mSELECT  1 AS one FROM "toys" WHERE "toys"."name" = $1 AND "toys"."toyable_id" IS NULL LIMIT $2[0m  [["name", "Red Starfire Man"], ["LIMIT", 1]]
  [1m[35m (0.2ms)[0m  [1m[31mROLLBACK[0m
  [1m[35m (0.1ms)[0m  [1m[35mBEGIN[0m
  [1m[36mCat Load (0.4ms)[0m  [1m[34mSELECT  "cats".* FROM "cats" WHERE "cats"."id" = $1 LIMIT $2[0m  [["id", 5], ["LIMIT", 1]]
  [1m[36mToy Exists (0.4ms)[0m  [1m[34mSELECT  1 AS one FROM "toys" WHERE "toys"."name" = $1 AND "toys"."toyable_type" = 'Cat' AND "toys"."toyable_id" = 5 LIMIT $2[0m  [["name", "Dark Bishop"], ["LIMIT", 1]]
  [1m[35mSQL (0.4ms)[0m  [1m[32mINSERT INTO "toys" ("name", "toyable_type", "toyable_id", "created_at", "updated_at") VALUES ($1, $2, $3, $4, $5) RETURNING "id"[0m  [["name", "Dark Bishop"], ["toyable_type", "Cat"], ["toyable_id", 5], ["created_at", "2017-12-04 23:41:15.054543"], ["updated_at", "2017-12-04 23:41:15.054543"]]
  [1m[35m (0.7ms)[0m  [1m[35mCOMMIT[0m
  [1m[35m (0.4ms)[0m  [1m[35mBEGIN[0m
  [1m[36mCorgi Load (0.2ms)[0m  [1m[34mSELECT  "corgis".* FROM "corgis" WHERE "corgis"."id" = $1 LIMIT $2[0m  [["id", 5], ["LIMIT", 1]]
  [1m[36mToy Exists (0.5ms)[0m  [1m[34mSELECT  1 AS one FROM "toys" WHERE "toys"."name" = $1 AND "toys"."toyable_type" = 'Corgi' AND "toys"."toyable_id" = 5 LIMIT $2[0m  [["name", "Dark Sobek"], ["LIMIT", 1]]
  [1m[35mSQL (0.4ms)[0m  [1m[32mINSERT INTO "toys" ("name", "toyable_type", "toyable_id", "created_at", "updated_at") VALUES ($1, $2, $3, $4, $5) RETURNING "id"[0m  [["name", "Dark Sobek"], ["toyable_type", "Corgi"], ["toyable_id", 5], ["created_at", "2017-12-04 23:41:15.061574"], ["updated_at", "2017-12-04 23:41:15.061574"]]
  [1m[35m (0.4ms)[0m  [1m[35mCOMMIT[0m
  [1m[35m (0.1ms)[0m  [1m[35mBEGIN[0m
  [1m[36mCat Load (0.3ms)[0m  [1m[34mSELECT  "cats".* FROM "cats" WHERE "cats"."id" = $1 LIMIT $2[0m  [["id", 10], ["LIMIT", 1]]
  [1m[36mToy Exists (0.5ms)[0m  [1m[34mSELECT  1 AS one FROM "toys" WHERE "toys"."name" = $1 AND "toys"."toyable_type" = 'Cat' AND "toys"."toyable_id" = 10 LIMIT $2[0m  [["name", "Giant Granny Goodness"], ["LIMIT", 1]]
  [1m[35mSQL (0.4ms)[0m  [1m[32mINSERT INTO "toys" ("name", "toyable_type", "toyable_id", "created_at", "updated_at") VALUES ($1, $2, $3, $4, $5) RETURNING "id"[0m  [["name", "Giant Granny Goodness"], ["toyable_type", "Cat"], ["toyable_id", 10], ["created_at", "2017-12-04 23:41:15.068686"], ["updated_at", "2017-12-04 23:41:15.068686"]]
  [1m[35m (0.4ms)[0m  [1m[35mCOMMIT[0m
  [1m[35m (0.1ms)[0m  [1m[35mBEGIN[0m
  [1m[36mCat Load (0.2ms)[0m  [1m[34mSELECT  "cats".* FROM "cats" WHERE "cats"."id" = $1 LIMIT $2[0m  [["id", 1], ["LIMIT", 1]]
  [1m[36mToy Exists (0.6ms)[0m  [1m[34mSELECT  1 AS one FROM "toys" WHERE "toys"."name" = $1 AND "toys"."toyable_type" = 'Cat' AND "toys"."toyable_id" = 1 LIMIT $2[0m  [["name", "Bloodwraith"], ["LIMIT", 1]]
  [1m[35mSQL (0.4ms)[0m  [1m[32mINSERT INTO "toys" ("name", "toyable_type", "toyable_id", "created_at", "updated_at") VALUES ($1, $2, $3, $4, $5) RETURNING "id"[0m  [["name", "Bloodwraith"], ["toyable_type", "Cat"], ["toyable_id", 1], ["created_at", "2017-12-04 23:41:15.075244"], ["updated_at", "2017-12-04 23:41:15.075244"]]
  [1m[35m (0.4ms)[0m  [1m[35mCOMMIT[0m
  [1m[35m (0.1ms)[0m  [1m[35mBEGIN[0m
  [1m[36mCorgi Load (0.2ms)[0m  [1m[34mSELECT  "corgis".* FROM "corgis" WHERE "corgis"."id" = $1 LIMIT $2[0m  [["id", 7], ["LIMIT", 1]]
  [1m[36mToy Exists (0.4ms)[0m  [1m[34mSELECT  1 AS one FROM "toys" WHERE "toys"."name" = $1 AND "toys"."toyable_type" = 'Corgi' AND "toys"."toyable_id" = 7 LIMIT $2[0m  [["name", "The Wiz Kid I"], ["LIMIT", 1]]
  [1m[35mSQL (0.5ms)[0m  [1m[32mINSERT INTO "toys" ("name", "toyable_type", "toyable_id", "created_at", "updated_at") VALUES ($1, $2, $3, $4, $5) RETURNING "id"[0m  [["name", "The Wiz Kid I"], ["toyable_type", "Corgi"], ["toyable_id", 7], ["created_at", "2017-12-04 23:41:15.080809"], ["updated_at", "2017-12-04 23:41:15.080809"]]
  [1m[35m (0.4ms)[0m  [1m[35mCOMMIT[0m
  [1m[35m (0.1ms)[0m  [1m[35mBEGIN[0m
  [1m[36mCorgi Load (0.2ms)[0m  [1m[34mSELECT  "corgis".* FROM "corgis" WHERE "corgis"."id" = $1 LIMIT $2[0m  [["id", 11], ["LIMIT", 1]]
  [1m[36mToy Exists (0.4ms)[0m  [1m[34mSELECT  1 AS one FROM "toys" WHERE "toys"."name" = $1 AND "toys"."toyable_id" IS NULL LIMIT $2[0m  [["name", "Cyborg Goku"], ["LIMIT", 1]]
  [1m[35m (0.2ms)[0m  [1m[31mROLLBACK[0m
  [1m[35m (0.1ms)[0m  [1m[35mBEGIN[0m
  [1m[36mCat Load (0.9ms)[0m  [1m[34mSELECT  "cats".* FROM "cats" WHERE "cats"."id" = $1 LIMIT $2[0m  [["id", 1], ["LIMIT", 1]]
  [1m[36mToy Exists (0.4ms)[0m  [1m[34mSELECT  1 AS one FROM "toys" WHERE "toys"."name" = $1 AND "toys"."toyable_type" = 'Cat' AND "toys"."toyable_id" = 1 LIMIT $2[0m  [["name", "Wildfire"], ["LIMIT", 1]]
  [1m[35mSQL (0.4ms)[0m  [1m[32mINSERT INTO "toys" ("name", "toyable_type", "toyable_id", "created_at", "updated_at") VALUES ($1, $2, $3, $4, $5) RETURNING "id"[0m  [["name", "Wildfire"], ["toyable_type", "Cat"], ["toyable_id", 1], ["created_at", "2017-12-04 23:41:15.092399"], ["updated_at", "2017-12-04 23:41:15.092399"]]
  [1m[35m (0.4ms)[0m  [1m[35mCOMMIT[0m
  [1m[35m (0.1ms)[0m  [1m[35mBEGIN[0m
  [1m[36mCat Load (0.2ms)[0m  [1m[34mSELECT  "cats".* FROM "cats" WHERE "cats"."id" = $1 LIMIT $2[0m  [["id", 6], ["LIMIT", 1]]
  [1m[36mToy Exists (0.6ms)[0m  [1m[34mSELECT  1 AS one FROM "toys" WHERE "toys"."name" = $1 AND "toys"."toyable_type" = 'Cat' AND "toys"."toyable_id" = 6 LIMIT $2[0m  [["name", "Etrigan"], ["LIMIT", 1]]
  [1m[35mSQL (0.5ms)[0m  [1m[32mINSERT INTO "toys" ("name", "toyable_type", "toyable_id", "created_at", "updated_at") VALUES ($1, $2, $3, $4, $5) RETURNING "id"[0m  [["name", "Etrigan"], ["toyable_type", "Cat"], ["toyable_id", 6], ["created_at", "2017-12-04 23:41:15.097873"], ["updated_at", "2017-12-04 23:41:15.097873"]]
  [1m[35m (0.4ms)[0m  [1m[35mCOMMIT[0m
  [1m[35m (0.1ms)[0m  [1m[35mBEGIN[0m
  [1m[36mCorgi Load (0.2ms)[0m  [1m[34mSELECT  "corgis".* FROM "corgis" WHERE "corgis"."id" = $1 LIMIT $2[0m  [["id", 2], ["LIMIT", 1]]
  [1m[36mToy Exists (0.4ms)[0m  [1m[34mSELECT  1 AS one FROM "toys" WHERE "toys"."name" = $1 AND "toys"."toyable_type" = 'Corgi' AND "toys"."toyable_id" = 2 LIMIT $2[0m  [["name", "Kang Ivy"], ["LIMIT", 1]]
  [1m[35mSQL (0.4ms)[0m  [1m[32mINSERT INTO "toys" ("name", "toyable_type", "toyable_id", "created_at", "updated_at") VALUES ($1, $2, $3, $4, $5) RETURNING "id"[0m  [["name", "Kang Ivy"], ["toyable_type", "Corgi"], ["toyable_id", 2], ["created_at", "2017-12-04 23:41:15.103334"], ["updated_at", "2017-12-04 23:41:15.103334"]]
  [1m[35m (0.5ms)[0m  [1m[35mCOMMIT[0m
  [1m[35m (0.2ms)[0m  [1m[35mBEGIN[0m
  [1m[36mCorgi Load (0.2ms)[0m  [1m[34mSELECT  "corgis".* FROM "corgis" WHERE "corgis"."id" = $1 LIMIT $2[0m  [["id", 4], ["LIMIT", 1]]
  [1m[36mToy Exists (0.4ms)[0m  [1m[34mSELECT  1 AS one FROM "toys" WHERE "toys"."name" = $1 AND "toys"."toyable_type" = 'Corgi' AND "toys"."toyable_id" = 4 LIMIT $2[0m  [["name", "Multiple Boy"], ["LIMIT", 1]]
  [1m[35mSQL (0.4ms)[0m  [1m[32mINSERT INTO "toys" ("name", "toyable_type", "toyable_id", "created_at", "updated_at") VALUES ($1, $2, $3, $4, $5) RETURNING "id"[0m  [["name", "Multiple Boy"], ["toyable_type", "Corgi"], ["toyable_id", 4], ["created_at", "2017-12-04 23:41:15.109611"], ["updated_at", "2017-12-04 23:41:15.109611"]]
  [1m[35m (0.4ms)[0m  [1m[35mCOMMIT[0m
  [1m[35m (0.1ms)[0m  [1m[35mBEGIN[0m
  [1m[36mCat Load (0.3ms)[0m  [1m[34mSELECT  "cats".* FROM "cats" WHERE "cats"."id" = $1 LIMIT $2[0m  [["id", 3], ["LIMIT", 1]]
  [1m[36mToy Exists (0.5ms)[0m  [1m[34mSELECT  1 AS one FROM "toys" WHERE "toys"."name" = $1 AND "toys"."toyable_type" = 'Cat' AND "toys"."toyable_id" = 3 LIMIT $2[0m  [["name", "Dark She-Thing"], ["LIMIT", 1]]
  [1m[35mSQL (0.4ms)[0m  [1m[32mINSERT INTO "toys" ("name", "toyable_type", "toyable_id", "created_at", "updated_at") VALUES ($1, $2, $3, $4, $5) RETURNING "id"[0m  [["name", "Dark She-Thing"], ["toyable_type", "Cat"], ["toyable_id", 3], ["created_at", "2017-12-04 23:41:15.115755"], ["updated_at", "2017-12-04 23:41:15.115755"]]
  [1m[35m (0.4ms)[0m  [1m[35mCOMMIT[0m
  [1m[35m (0.1ms)[0m  [1m[35mBEGIN[0m
  [1m[36mCorgi Load (0.2ms)[0m  [1m[34mSELECT  "corgis".* FROM "corgis" WHERE "corgis"."id" = $1 LIMIT $2[0m  [["id", 7], ["LIMIT", 1]]
  [1m[36mToy Exists (0.4ms)[0m  [1m[34mSELECT  1 AS one FROM "toys" WHERE "toys"."name" = $1 AND "toys"."toyable_type" = 'Corgi' AND "toys"."toyable_id" = 7 LIMIT $2[0m  [["name", "Copycat"], ["LIMIT", 1]]
  [1m[35mSQL (0.7ms)[0m  [1m[32mINSERT INTO "toys" ("name", "toyable_type", "toyable_id", "created_at", "updated_at") VALUES ($1, $2, $3, $4, $5) RETURNING "id"[0m  [["name", "Copycat"], ["toyable_type", "Corgi"], ["toyable_id", 7], ["created_at", "2017-12-04 23:41:15.120532"], ["updated_at", "2017-12-04 23:41:15.120532"]]
  [1m[35m (0.5ms)[0m  [1m[35mCOMMIT[0m
  [1m[35m (0.1ms)[0m  [1m[35mBEGIN[0m
  [1m[36mCorgi Load (0.2ms)[0m  [1m[34mSELECT  "corgis".* FROM "corgis" WHERE "corgis"."id" = $1 LIMIT $2[0m  [["id", 4], ["LIMIT", 1]]
  [1m[36mToy Exists (0.4ms)[0m  [1m[34mSELECT  1 AS one FROM "toys" WHERE "toys"."name" = $1 AND "toys"."toyable_type" = 'Corgi' AND "toys"."toyable_id" = 4 LIMIT $2[0m  [["name", "Bird"], ["LIMIT", 1]]
  [1m[35mSQL (0.4ms)[0m  [1m[32mINSERT INTO "toys" ("name", "toyable_type", "toyable_id", "created_at", "updated_at") VALUES ($1, $2, $3, $4, $5) RETURNING "id"[0m  [["name", "Bird"], ["toyable_type", "Corgi"], ["toyable_id", 4], ["created_at", "2017-12-04 23:41:15.126640"], ["updated_at", "2017-12-04 23:41:15.126640"]]
  [1m[35m (0.5ms)[0m  [1m[35mCOMMIT[0m
  [1m[35m (0.2ms)[0m  [1m[35mBEGIN[0m
  [1m[36mCorgi Load (0.2ms)[0m  [1m[34mSELECT  "corgis".* FROM "corgis" WHERE "corgis"."id" = $1 LIMIT $2[0m  [["id", 6], ["LIMIT", 1]]
  [1m[36mToy Exists (0.6ms)[0m  [1m[34mSELECT  1 AS one FROM "toys" WHERE "toys"."name" = $1 AND "toys"."toyable_type" = 'Corgi' AND "toys"."toyable_id" = 6 LIMIT $2[0m  [["name", "She-Hulk"], ["LIMIT", 1]]
  [1m[35mSQL (0.5ms)[0m  [1m[32mINSERT INTO "toys" ("name", "toyable_type", "toyable_id", "created_at", "updated_at") VALUES ($1, $2, $3, $4, $5) RETURNING "id"[0m  [["name", "She-Hulk"], ["toyable_type", "Corgi"], ["toyable_id", 6], ["created_at", "2017-12-04 23:41:15.133137"], ["updated_at", "2017-12-04 23:41:15.133137"]]
  [1m[35m (0.6ms)[0m  [1m[35mCOMMIT[0m
  [1m[35m (0.1ms)[0m  [1m[35mBEGIN[0m
  [1m[36mCorgi Load (0.2ms)[0m  [1m[34mSELECT  "corgis".* FROM "corgis" WHERE "corgis"."id" = $1 LIMIT $2[0m  [["id", 3], ["LIMIT", 1]]
  [1m[36mToy Exists (0.5ms)[0m  [1m[34mSELECT  1 AS one FROM "toys" WHERE "toys"."name" = $1 AND "toys"."toyable_type" = 'Corgi' AND "toys"."toyable_id" = 3 LIMIT $2[0m  [["name", "Ymir Wolf"], ["LIMIT", 1]]
  [1m[35mSQL (0.4ms)[0m  [1m[32mINSERT INTO "toys" ("name", "toyable_type", "toyable_id", "created_at", "updated_at") VALUES ($1, $2, $3, $4, $5) RETURNING "id"[0m  [["name", "Ymir Wolf"], ["toyable_type", "Corgi"], ["toyable_id", 3], ["created_at", "2017-12-04 23:41:15.138982"], ["updated_at", "2017-12-04 23:41:15.138982"]]
  [1m[35m (0.5ms)[0m  [1m[35mCOMMIT[0m
  [1m[35m (0.2ms)[0m  [1m[35mBEGIN[0m
  [1m[36mCorgi Load (0.2ms)[0m  [1m[34mSELECT  "corgis".* FROM "corgis" WHERE "corgis"."id" = $1 LIMIT $2[0m  [["id", 3], ["LIMIT", 1]]
  [1m[36mToy Exists (0.6ms)[0m  [1m[34mSELECT  1 AS one FROM "toys" WHERE "toys"."name" = $1 AND "toys"."toyable_type" = 'Corgi' AND "toys"."toyable_id" = 3 LIMIT $2[0m  [["name", "Doctor Granny Goodness Brain"], ["LIMIT", 1]]
  [1m[35mSQL (0.5ms)[0m  [1m[32mINSERT INTO "toys" ("name", "toyable_type", "toyable_id", "created_at", "updated_at") VALUES ($1, $2, $3, $4, $5) RETURNING "id"[0m  [["name", "Doctor Granny Goodness Brain"], ["toyable_type", "Corgi"], ["toyable_id", 3], ["created_at", "2017-12-04 23:41:15.145680"], ["updated_at", "2017-12-04 23:41:15.145680"]]
  [1m[35m (0.4ms)[0m  [1m[35mCOMMIT[0m
  [1m[35m (0.1ms)[0m  [1m[35mBEGIN[0m
  [1m[36mCorgi Load (0.2ms)[0m  [1m[34mSELECT  "corgis".* FROM "corgis" WHERE "corgis"."id" = $1 LIMIT $2[0m  [["id", 7], ["LIMIT", 1]]
  [1m[36mToy Exists (0.5ms)[0m  [1m[34mSELECT  1 AS one FROM "toys" WHERE "toys"."name" = $1 AND "toys"."toyable_type" = 'Corgi' AND "toys"."toyable_id" = 7 LIMIT $2[0m  [["name", "Cannonball Machine"], ["LIMIT", 1]]
  [1m[35mSQL (0.5ms)[0m  [1m[32mINSERT INTO "toys" ("name", "toyable_type", "toyable_id", "created_at", "updated_at") VALUES ($1, $2, $3, $4, $5) RETURNING "id"[0m  [["name", "Cannonball Machine"], ["toyable_type", "Corgi"], ["toyable_id", 7], ["created_at", "2017-12-04 23:41:15.151460"], ["updated_at", "2017-12-04 23:41:15.151460"]]
  [1m[35m (0.4ms)[0m  [1m[35mCOMMIT[0m
  [1m[35m (0.1ms)[0m  [1m[35mBEGIN[0m
  [1m[36mCat Load (0.2ms)[0m  [1m[34mSELECT  "cats".* FROM "cats" WHERE "cats"."id" = $1 LIMIT $2[0m  [["id", 11], ["LIMIT", 1]]
  [1m[36mToy Exists (0.4ms)[0m  [1m[34mSELECT  1 AS one FROM "toys" WHERE "toys"."name" = $1 AND "toys"."toyable_id" IS NULL LIMIT $2[0m  [["name", "Penance"], ["LIMIT", 1]]
  [1m[35m (0.1ms)[0m  [1m[31mROLLBACK[0m
  [1m[35m (0.1ms)[0m  [1m[35mBEGIN[0m
  [1m[36mCorgi Load (0.4ms)[0m  [1m[34mSELECT  "corgis".* FROM "corgis" WHERE "corgis"."id" = $1 LIMIT $2[0m  [["id", 3], ["LIMIT", 1]]
  [1m[36mToy Exists (0.4ms)[0m  [1m[34mSELECT  1 AS one FROM "toys" WHERE "toys"."name" = $1 AND "toys"."toyable_type" = 'Corgi' AND "toys"."toyable_id" = 3 LIMIT $2[0m  [["name", "Illustrious Rhino"], ["LIMIT", 1]]
  [1m[35mSQL (0.4ms)[0m  [1m[32mINSERT INTO "toys" ("name", "toyable_type", "toyable_id", "created_at", "updated_at") VALUES ($1, $2, $3, $4, $5) RETURNING "id"[0m  [["name", "Illustrious Rhino"], ["toyable_type", "Corgi"], ["toyable_id", 3], ["created_at", "2017-12-04 23:41:15.160542"], ["updated_at", "2017-12-04 23:41:15.160542"]]
  [1m[35m (0.4ms)[0m  [1m[35mCOMMIT[0m
  [1m[35m (0.1ms)[0m  [1m[35mBEGIN[0m
  [1m[36mCorgi Load (0.2ms)[0m  [1m[34mSELECT  "corgis".* FROM "corgis" WHERE "corgis"."id" = $1 LIMIT $2[0m  [["id", 10], ["LIMIT", 1]]
  [1m[36mToy Exists (0.4ms)[0m  [1m[34mSELECT  1 AS one FROM "toys" WHERE "toys"."name" = $1 AND "toys"."toyable_type" = 'Corgi' AND "toys"."toyable_id" = 10 LIMIT $2[0m  [["name", "Bomb Queen"], ["LIMIT", 1]]
  [1m[35mSQL (0.4ms)[0m  [1m[32mINSERT INTO "toys" ("name", "toyable_type", "toyable_id", "created_at", "updated_at") VALUES ($1, $2, $3, $4, $5) RETURNING "id"[0m  [["name", "Bomb Queen"], ["toyable_type", "Corgi"], ["toyable_id", 10], ["created_at", "2017-12-04 23:41:15.165667"], ["updated_at", "2017-12-04 23:41:15.165667"]]
  [1m[35m (0.5ms)[0m  [1m[35mCOMMIT[0m
  [1m[35m (0.2ms)[0m  [1m[35mBEGIN[0m
  [1m[36mCorgi Load (0.2ms)[0m  [1m[34mSELECT  "corgis".* FROM "corgis" WHERE "corgis"."id" = $1 LIMIT $2[0m  [["id", 3], ["LIMIT", 1]]
  [1m[36mToy Exists (0.4ms)[0m  [1m[34mSELECT  1 AS one FROM "toys" WHERE "toys"."name" = $1 AND "toys"."toyable_type" = 'Corgi' AND "toys"."toyable_id" = 3 LIMIT $2[0m  [["name", "General Vulture"], ["LIMIT", 1]]
  [1m[35mSQL (0.4ms)[0m  [1m[32mINSERT INTO "toys" ("name", "toyable_type", "toyable_id", "created_at", "updated_at") VALUES ($1, $2, $3, $4, $5) RETURNING "id"[0m  [["name", "General Vulture"], ["toyable_type", "Corgi"], ["toyable_id", 3], ["created_at", "2017-12-04 23:41:15.171783"], ["updated_at", "2017-12-04 23:41:15.171783"]]
  [1m[35m (0.5ms)[0m  [1m[35mCOMMIT[0m
  [1m[35m (0.2ms)[0m  [1m[35mBEGIN[0m
  [1m[36mCorgi Load (0.2ms)[0m  [1m[34mSELECT  "corgis".* FROM "corgis" WHERE "corgis"."id" = $1 LIMIT $2[0m  [["id", 4], ["LIMIT", 1]]
  [1m[36mToy Exists (0.6ms)[0m  [1m[34mSELECT  1 AS one FROM "toys" WHERE "toys"."name" = $1 AND "toys"."toyable_type" = 'Corgi' AND "toys"."toyable_id" = 4 LIMIT $2[0m  [["name", "Ares Brain"], ["LIMIT", 1]]
  [1m[35mSQL (0.5ms)[0m  [1m[32mINSERT INTO "toys" ("name", "toyable_type", "toyable_id", "created_at", "updated_at") VALUES ($1, $2, $3, $4, $5) RETURNING "id"[0m  [["name", "Ares Brain"], ["toyable_type", "Corgi"], ["toyable_id", 4], ["created_at", "2017-12-04 23:41:15.179116"], ["updated_at", "2017-12-04 23:41:15.179116"]]
  [1m[35m (0.5ms)[0m  [1m[35mCOMMIT[0m
  [1m[35m (0.1ms)[0m  [1m[35mBEGIN[0m
  [1m[36mCat Load (0.2ms)[0m  [1m[34mSELECT  "cats".* FROM "cats" WHERE "cats"."id" = $1 LIMIT $2[0m  [["id", 11], ["LIMIT", 1]]
  [1m[36mToy Exists (0.4ms)[0m  [1m[34mSELECT  1 AS one FROM "toys" WHERE "toys"."name" = $1 AND "toys"."toyable_id" IS NULL LIMIT $2[0m  [["name", "Century"], ["LIMIT", 1]]
  [1m[35m (0.1ms)[0m  [1m[31mROLLBACK[0m
  [1m[35m (0.1ms)[0m  [1m[35mBEGIN[0m
  [1m[36mCorgi Load (0.3ms)[0m  [1m[34mSELECT  "corgis".* FROM "corgis" WHERE "corgis"."id" = $1 LIMIT $2[0m  [["id", 11], ["LIMIT", 1]]
  [1m[36mToy Exists (0.3ms)[0m  [1m[34mSELECT  1 AS one FROM "toys" WHERE "toys"."name" = $1 AND "toys"."toyable_id" IS NULL LIMIT $2[0m  [["name", "Chameleon Machine"], ["LIMIT", 1]]
  [1m[35m (0.1ms)[0m  [1m[31mROLLBACK[0m
